<?xml version="1.0" encoding="UTF-8"?>
<coverage generated="1602830755736" clover="3.2.0">
  <project timestamp="1602830755736" name="All files">
    <metrics statements="103" coveredstatements="103" conditionals="24" coveredconditionals="20" methods="16" coveredmethods="16" elements="143" coveredelements="139" complexity="0" loc="103" ncloc="103" packages="1" files="2" classes="2"/>
    <file name="notificationMessageManager.js" path="C:\Users\vinh.lam\Desktop\mine\test-DAL\src\DAL\notificationMessageManager.js">
      <metrics statements="40" coveredstatements="40" conditionals="11" coveredconditionals="9" methods="7" coveredmethods="7"/>
      <line num="1" count="1" type="stmt"/>
      <line num="2" count="1" type="stmt"/>
      <line num="4" count="1" type="stmt"/>
      <line num="6" count="1" type="stmt"/>
      <line num="17" count="1" type="stmt"/>
      <line num="19" count="3" type="stmt"/>
      <line num="24" count="3" type="stmt"/>
      <line num="25" count="3" type="cond" truecount="2" falsecount="0"/>
      <line num="26" count="1" type="stmt"/>
      <line num="28" count="2" type="stmt"/>
      <line num="29" count="2" type="stmt"/>
      <line num="40" count="1" type="cond" truecount="1" falsecount="1"/>
      <line num="41" count="1" type="stmt"/>
      <line num="42" count="1" type="stmt"/>
      <line num="44" count="1" type="stmt"/>
      <line num="61" count="1" type="stmt"/>
      <line num="66" count="1" type="stmt"/>
      <line num="87" count="3" type="stmt"/>
      <line num="91" count="3" type="stmt"/>
      <line num="93" count="3" type="stmt"/>
      <line num="94" count="3" type="stmt"/>
      <line num="110" count="2" type="cond" truecount="2" falsecount="0"/>
      <line num="111" count="1" type="stmt"/>
      <line num="118" count="1" type="stmt"/>
      <line num="134" count="3" type="stmt"/>
      <line num="145" count="3" type="stmt"/>
      <line num="147" count="3" type="stmt"/>
      <line num="148" count="3" type="stmt"/>
      <line num="174" count="2" type="cond" truecount="2" falsecount="0"/>
      <line num="175" count="1" type="stmt"/>
      <line num="181" count="1" type="stmt"/>
      <line num="191" count="3" type="stmt"/>
      <line num="197" count="3" type="stmt"/>
      <line num="198" count="3" type="stmt"/>
      <line num="208" count="2" type="cond" truecount="2" falsecount="0"/>
      <line num="209" count="1" type="stmt"/>
      <line num="215" count="1" type="stmt"/>
      <line num="220" count="1" type="stmt"/>
      <line num="221" count="1" type="stmt"/>
      <line num="222" count="1" type="stmt"/>
    </file>
    <file name="notificationTriggerConfigManager.js" path="C:\Users\vinh.lam\Desktop\mine\test-DAL\src\DAL\notificationTriggerConfigManager.js">
      <metrics statements="63" coveredstatements="63" conditionals="13" coveredconditionals="11" methods="9" coveredmethods="9"/>
      <line num="1" count="1" type="stmt"/>
      <line num="3" count="1" type="stmt"/>
      <line num="9" count="1" type="stmt"/>
      <line num="16" count="1" type="stmt"/>
      <line num="25" count="1" type="stmt"/>
      <line num="34" count="1" type="stmt"/>
      <line num="36" count="4" type="stmt"/>
      <line num="38" count="3" type="stmt"/>
      <line num="39" count="3" type="cond" truecount="2" falsecount="0"/>
      <line num="40" count="1" type="stmt"/>
      <line num="42" count="2" type="stmt"/>
      <line num="43" count="2" type="stmt"/>
      <line num="49" count="1" type="stmt"/>
      <line num="54" count="1" type="cond" truecount="1" falsecount="1"/>
      <line num="55" count="1" type="stmt"/>
      <line num="56" count="1" type="stmt"/>
      <line num="58" count="1" type="stmt"/>
      <line num="63" count="1" type="stmt"/>
      <line num="67" count="1" type="stmt"/>
      <line num="72" count="1" type="stmt"/>
      <line num="79" count="1" type="stmt"/>
      <line num="80" count="1" type="stmt"/>
      <line num="81" count="1" type="stmt"/>
      <line num="82" count="1" type="stmt"/>
      <line num="86" count="3" type="stmt"/>
      <line num="91" count="3" type="stmt"/>
      <line num="108" count="3" type="stmt"/>
      <line num="109" count="3" type="stmt"/>
      <line num="110" count="3" type="stmt"/>
      <line num="112" count="2" type="cond" truecount="2" falsecount="0"/>
      <line num="113" count="1" type="stmt"/>
      <line num="115" count="1" type="stmt"/>
      <line num="120" count="3" type="stmt"/>
      <line num="124" count="3" type="stmt"/>
      <line num="125" count="3" type="stmt"/>
      <line num="144" count="3" type="stmt"/>
      <line num="145" count="3" type="stmt"/>
      <line num="146" count="3" type="stmt"/>
      <line num="148" count="2" type="cond" truecount="2" falsecount="0"/>
      <line num="149" count="1" type="stmt"/>
      <line num="151" count="1" type="stmt"/>
      <line num="156" count="3" type="stmt"/>
      <line num="160" count="3" type="stmt"/>
      <line num="161" count="3" type="stmt"/>
      <line num="175" count="3" type="stmt"/>
      <line num="176" count="3" type="stmt"/>
      <line num="177" count="3" type="stmt"/>
      <line num="179" count="2" type="cond" truecount="2" falsecount="0"/>
      <line num="180" count="1" type="stmt"/>
      <line num="182" count="1" type="stmt"/>
      <line num="187" count="1" type="stmt"/>
      <line num="188" count="1" type="stmt"/>
      <line num="193" count="1" type="stmt"/>
      <line num="194" count="6" type="stmt"/>
      <line num="195" count="6" type="stmt"/>
      <line num="200" count="1" type="stmt"/>
      <line num="204" count="1" type="stmt"/>
      <line num="206" count="1" type="cond" truecount="2" falsecount="0"/>
      <line num="207" count="1" type="stmt"/>
      <line num="211" count="1" type="stmt"/>
      <line num="212" count="1" type="stmt"/>
      <line num="214" count="1" type="stmt"/>
      <line num="215" count="1" type="stmt"/>
    </file>
  </project>
</coverage>
