{"C:\\Users\\vinh.lam\\Desktop\\mine\\test-DAL\\src\\DAL\\notificationMessageManager.js": {"path":"C:\\Users\\vinh.lam\\Desktop\\mine\\test-DAL\\src\\DAL\\notificationMessageManager.js","statementMap":{"0":{"start":{"line":1,"column":12},"end":{"line":1,"column":30}},"1":{"start":{"line":2,"column":33},"end":{"line":2,"column":72}},"2":{"start":{"line":4,"column":43},"end":{"line":4,"column":55}},"3":{"start":{"line":6,"column":26},"end":{"line":10,"column":2}},"4":{"start":{"line":17,"column":42},"end":{"line":218,"column":3}},"5":{"start":{"line":19,"column":2},"end":{"line":218,"column":3}},"6":{"start":{"line":24,"column":28},"end":{"line":24,"column":34}},"7":{"start":{"line":25,"column":6},"end":{"line":27,"column":7}},"8":{"start":{"line":26,"column":8},"end":{"line":26,"column":47}},"9":{"start":{"line":28,"column":6},"end":{"line":28,"column":33}},"10":{"start":{"line":29,"column":6},"end":{"line":31,"column":8}},"11":{"start":{"line":40,"column":6},"end":{"line":43,"column":7}},"12":{"start":{"line":41,"column":33},"end":{"line":41,"column":54}},"13":{"start":{"line":42,"column":8},"end":{"line":42,"column":52}},"14":{"start":{"line":44,"column":6},"end":{"line":50,"column":19}},"15":{"start":{"line":61,"column":6},"end":{"line":65,"column":8}},"16":{"start":{"line":66,"column":6},"end":{"line":74,"column":19}},"17":{"start":{"line":87,"column":6},"end":{"line":90,"column":8}},"18":{"start":{"line":91,"column":38},"end":{"line":91,"column":57}},"19":{"start":{"line":93,"column":6},"end":{"line":119,"column":7}},"20":{"start":{"line":94,"column":8},"end":{"line":108,"column":21}},"21":{"start":{"line":110,"column":8},"end":{"line":117,"column":9}},"22":{"start":{"line":111,"column":10},"end":{"line":116,"column":20}},"23":{"start":{"line":118,"column":8},"end":{"line":118,"column":20}},"24":{"start":{"line":134,"column":6},"end":{"line":137,"column":8}},"25":{"start":{"line":145,"column":10},"end":{"line":145,"column":29}},"26":{"start":{"line":147,"column":6},"end":{"line":182,"column":7}},"27":{"start":{"line":148,"column":8},"end":{"line":172,"column":21}},"28":{"start":{"line":174,"column":8},"end":{"line":180,"column":9}},"29":{"start":{"line":175,"column":10},"end":{"line":179,"column":20}},"30":{"start":{"line":181,"column":8},"end":{"line":181,"column":20}},"31":{"start":{"line":191,"column":6},"end":{"line":195,"column":8}},"32":{"start":{"line":197,"column":6},"end":{"line":216,"column":7}},"33":{"start":{"line":198,"column":8},"end":{"line":206,"column":21}},"34":{"start":{"line":208,"column":8},"end":{"line":214,"column":9}},"35":{"start":{"line":209,"column":10},"end":{"line":213,"column":20}},"36":{"start":{"line":215,"column":8},"end":{"line":215,"column":20}},"37":{"start":{"line":220,"column":23},"end":{"line":220,"column":56}},"38":{"start":{"line":221,"column":15},"end":{"line":221,"column":27}},"39":{"start":{"line":222,"column":0},"end":{"line":228,"column":2}}},"fnMap":{"0":{"name":"(anonymous_0)","decl":{"start":{"line":17,"column":42},"end":{"line":17,"column":43}},"loc":{"start":{"line":19,"column":2},"end":{"line":218,"column":3}},"line":19},"1":{"name":"(anonymous_1)","decl":{"start":{"line":23,"column":4},"end":{"line":23,"column":5}},"loc":{"start":{"line":23,"column":24},"end":{"line":32,"column":5}},"line":23},"2":{"name":"(anonymous_2)","decl":{"start":{"line":38,"column":4},"end":{"line":38,"column":5}},"loc":{"start":{"line":38,"column":52},"end":{"line":51,"column":5}},"line":38},"3":{"name":"(anonymous_3)","decl":{"start":{"line":60,"column":4},"end":{"line":60,"column":5}},"loc":{"start":{"line":60,"column":48},"end":{"line":75,"column":5}},"line":60},"4":{"name":"(anonymous_4)","decl":{"start":{"line":86,"column":4},"end":{"line":86,"column":5}},"loc":{"start":{"line":86,"column":57},"end":{"line":120,"column":5}},"line":86},"5":{"name":"(anonymous_5)","decl":{"start":{"line":133,"column":4},"end":{"line":133,"column":5}},"loc":{"start":{"line":133,"column":57},"end":{"line":183,"column":5}},"line":133},"6":{"name":"(anonymous_6)","decl":{"start":{"line":190,"column":4},"end":{"line":190,"column":5}},"loc":{"start":{"line":190,"column":57},"end":{"line":217,"column":5}},"line":190}},"branchMap":{"0":{"loc":{"start":{"line":25,"column":6},"end":{"line":27,"column":7}},"type":"if","locations":[{"start":{"line":25,"column":6},"end":{"line":27,"column":7}},{"start":{"line":25,"column":6},"end":{"line":27,"column":7}}],"line":25},"1":{"loc":{"start":{"line":38,"column":40},"end":{"line":38,"column":50}},"type":"default-arg","locations":[{"start":{"line":38,"column":48},"end":{"line":38,"column":50}}],"line":38},"2":{"loc":{"start":{"line":40,"column":6},"end":{"line":43,"column":7}},"type":"if","locations":[{"start":{"line":40,"column":6},"end":{"line":43,"column":7}},{"start":{"line":40,"column":6},"end":{"line":43,"column":7}}],"line":40},"3":{"loc":{"start":{"line":110,"column":8},"end":{"line":117,"column":9}},"type":"if","locations":[{"start":{"line":110,"column":8},"end":{"line":117,"column":9}},{"start":{"line":110,"column":8},"end":{"line":117,"column":9}}],"line":110},"4":{"loc":{"start":{"line":174,"column":8},"end":{"line":180,"column":9}},"type":"if","locations":[{"start":{"line":174,"column":8},"end":{"line":180,"column":9}},{"start":{"line":174,"column":8},"end":{"line":180,"column":9}}],"line":174},"5":{"loc":{"start":{"line":208,"column":8},"end":{"line":214,"column":9}},"type":"if","locations":[{"start":{"line":208,"column":8},"end":{"line":214,"column":9}},{"start":{"line":208,"column":8},"end":{"line":214,"column":9}}],"line":208}},"s":{"0":1,"1":1,"2":1,"3":1,"4":1,"5":3,"6":3,"7":3,"8":1,"9":2,"10":2,"11":1,"12":1,"13":1,"14":1,"15":1,"16":1,"17":3,"18":3,"19":3,"20":3,"21":2,"22":1,"23":1,"24":3,"25":3,"26":3,"27":3,"28":2,"29":1,"30":1,"31":3,"32":3,"33":3,"34":2,"35":1,"36":1,"37":1,"38":1,"39":1},"f":{"0":3,"1":3,"2":1,"3":1,"4":3,"5":3,"6":3},"b":{"0":[1,2],"1":[0],"2":[1,0],"3":[1,1],"4":[1,1],"5":[1,1]},"_coverageSchema":"1a1c01bbd47fc00a2c39e90264f33305004495a9","hash":"f810c067a0bff18722e6a55aefdf6bb8c2634931"}
,"C:\\Users\\vinh.lam\\Desktop\\mine\\test-DAL\\src\\DAL\\notificationTriggerConfigManager.js": {"path":"C:\\Users\\vinh.lam\\Desktop\\mine\\test-DAL\\src\\DAL\\notificationTriggerConfigManager.js","statementMap":{"0":{"start":{"line":1,"column":33},"end":{"line":1,"column":72}},"1":{"start":{"line":3,"column":30},"end":{"line":7,"column":17}},"2":{"start":{"line":9,"column":31},"end":{"line":14,"column":2}},"3":{"start":{"line":16,"column":46},"end":{"line":23,"column":1}},"4":{"start":{"line":25,"column":46},"end":{"line":32,"column":1}},"5":{"start":{"line":34,"column":48},"end":{"line":202,"column":3}},"6":{"start":{"line":36,"column":2},"end":{"line":202,"column":3}},"7":{"start":{"line":38,"column":40},"end":{"line":38,"column":46}},"8":{"start":{"line":39,"column":6},"end":{"line":41,"column":7}},"9":{"start":{"line":40,"column":8},"end":{"line":40,"column":36}},"10":{"start":{"line":42,"column":6},"end":{"line":42,"column":57}},"11":{"start":{"line":43,"column":6},"end":{"line":45,"column":8}},"12":{"start":{"line":49,"column":6},"end":{"line":52,"column":8}},"13":{"start":{"line":54,"column":6},"end":{"line":57,"column":7}},"14":{"start":{"line":55,"column":33},"end":{"line":55,"column":54}},"15":{"start":{"line":56,"column":8},"end":{"line":56,"column":52}},"16":{"start":{"line":58,"column":21},"end":{"line":62,"column":7}},"17":{"start":{"line":63,"column":6},"end":{"line":63,"column":51}},"18":{"start":{"line":67,"column":6},"end":{"line":71,"column":8}},"19":{"start":{"line":72,"column":21},"end":{"line":78,"column":7}},"20":{"start":{"line":79,"column":6},"end":{"line":79,"column":43}},"21":{"start":{"line":80,"column":23},"end":{"line":80,"column":65}},"22":{"start":{"line":81,"column":6},"end":{"line":81,"column":41}},"23":{"start":{"line":82,"column":6},"end":{"line":82,"column":18}},"24":{"start":{"line":86,"column":6},"end":{"line":90,"column":8}},"25":{"start":{"line":91,"column":21},"end":{"line":107,"column":7}},"26":{"start":{"line":108,"column":6},"end":{"line":116,"column":7}},"27":{"start":{"line":109,"column":8},"end":{"line":109,"column":48}},"28":{"start":{"line":110,"column":8},"end":{"line":110,"column":61}},"29":{"start":{"line":112,"column":8},"end":{"line":114,"column":9}},"30":{"start":{"line":113,"column":10},"end":{"line":113,"column":46}},"31":{"start":{"line":115,"column":8},"end":{"line":115,"column":20}},"32":{"start":{"line":120,"column":6},"end":{"line":123,"column":8}},"33":{"start":{"line":124,"column":41},"end":{"line":124,"column":66}},"34":{"start":{"line":125,"column":21},"end":{"line":143,"column":7}},"35":{"start":{"line":144,"column":6},"end":{"line":152,"column":7}},"36":{"start":{"line":145,"column":8},"end":{"line":145,"column":48}},"37":{"start":{"line":146,"column":8},"end":{"line":146,"column":61}},"38":{"start":{"line":148,"column":8},"end":{"line":150,"column":9}},"39":{"start":{"line":149,"column":10},"end":{"line":149,"column":61}},"40":{"start":{"line":151,"column":8},"end":{"line":151,"column":20}},"41":{"start":{"line":156,"column":6},"end":{"line":159,"column":8}},"42":{"start":{"line":160,"column":33},"end":{"line":160,"column":58}},"43":{"start":{"line":161,"column":21},"end":{"line":174,"column":7}},"44":{"start":{"line":175,"column":6},"end":{"line":183,"column":7}},"45":{"start":{"line":176,"column":8},"end":{"line":176,"column":48}},"46":{"start":{"line":177,"column":8},"end":{"line":177,"column":58}},"47":{"start":{"line":179,"column":8},"end":{"line":181,"column":9}},"48":{"start":{"line":180,"column":10},"end":{"line":180,"column":61}},"49":{"start":{"line":182,"column":8},"end":{"line":182,"column":20}},"50":{"start":{"line":187,"column":41},"end":{"line":187,"column":57}},"51":{"start":{"line":188,"column":25},"end":{"line":192,"column":7}},"52":{"start":{"line":193,"column":6},"end":{"line":199,"column":9}},"53":{"start":{"line":194,"column":37},"end":{"line":194,"column":47}},"54":{"start":{"line":195,"column":8},"end":{"line":198,"column":11}},"55":{"start":{"line":200,"column":6},"end":{"line":200,"column":24}},"56":{"start":{"line":204,"column":12},"end":{"line":204,"column":30}},"57":{"start":{"line":206,"column":15},"end":{"line":206,"column":48}},"58":{"start":{"line":207,"column":0},"end":{"line":209,"column":3}},"59":{"start":{"line":211,"column":15},"end":{"line":211,"column":27}},"60":{"start":{"line":212,"column":0},"end":{"line":212,"column":39}},"61":{"start":{"line":214,"column":23},"end":{"line":214,"column":56}},"62":{"start":{"line":215,"column":0},"end":{"line":221,"column":2}}},"fnMap":{"0":{"name":"(anonymous_0)","decl":{"start":{"line":34,"column":48},"end":{"line":34,"column":49}},"loc":{"start":{"line":36,"column":2},"end":{"line":202,"column":3}},"line":36},"1":{"name":"(anonymous_1)","decl":{"start":{"line":37,"column":4},"end":{"line":37,"column":5}},"loc":{"start":{"line":37,"column":24},"end":{"line":46,"column":5}},"line":37},"2":{"name":"(anonymous_2)","decl":{"start":{"line":48,"column":4},"end":{"line":48,"column":5}},"loc":{"start":{"line":48,"column":35},"end":{"line":64,"column":5}},"line":48},"3":{"name":"(anonymous_3)","decl":{"start":{"line":66,"column":4},"end":{"line":66,"column":5}},"loc":{"start":{"line":66,"column":30},"end":{"line":83,"column":5}},"line":66},"4":{"name":"(anonymous_4)","decl":{"start":{"line":85,"column":4},"end":{"line":85,"column":5}},"loc":{"start":{"line":85,"column":33},"end":{"line":117,"column":5}},"line":85},"5":{"name":"(anonymous_5)","decl":{"start":{"line":119,"column":4},"end":{"line":119,"column":5}},"loc":{"start":{"line":119,"column":44},"end":{"line":153,"column":5}},"line":119},"6":{"name":"(anonymous_6)","decl":{"start":{"line":155,"column":4},"end":{"line":155,"column":5}},"loc":{"start":{"line":155,"column":44},"end":{"line":184,"column":5}},"line":155},"7":{"name":"(anonymous_7)","decl":{"start":{"line":186,"column":4},"end":{"line":186,"column":5}},"loc":{"start":{"line":186,"column":48},"end":{"line":201,"column":5}},"line":186},"8":{"name":"(anonymous_8)","decl":{"start":{"line":193,"column":37},"end":{"line":193,"column":38}},"loc":{"start":{"line":193,"column":51},"end":{"line":199,"column":7}},"line":193}},"branchMap":{"0":{"loc":{"start":{"line":39,"column":6},"end":{"line":41,"column":7}},"type":"if","locations":[{"start":{"line":39,"column":6},"end":{"line":41,"column":7}},{"start":{"line":39,"column":6},"end":{"line":41,"column":7}}],"line":39},"1":{"loc":{"start":{"line":48,"column":23},"end":{"line":48,"column":33}},"type":"default-arg","locations":[{"start":{"line":48,"column":31},"end":{"line":48,"column":33}}],"line":48},"2":{"loc":{"start":{"line":54,"column":6},"end":{"line":57,"column":7}},"type":"if","locations":[{"start":{"line":54,"column":6},"end":{"line":57,"column":7}},{"start":{"line":54,"column":6},"end":{"line":57,"column":7}}],"line":54},"3":{"loc":{"start":{"line":112,"column":8},"end":{"line":114,"column":9}},"type":"if","locations":[{"start":{"line":112,"column":8},"end":{"line":114,"column":9}},{"start":{"line":112,"column":8},"end":{"line":114,"column":9}}],"line":112},"4":{"loc":{"start":{"line":148,"column":8},"end":{"line":150,"column":9}},"type":"if","locations":[{"start":{"line":148,"column":8},"end":{"line":150,"column":9}},{"start":{"line":148,"column":8},"end":{"line":150,"column":9}}],"line":148},"5":{"loc":{"start":{"line":179,"column":8},"end":{"line":181,"column":9}},"type":"if","locations":[{"start":{"line":179,"column":8},"end":{"line":181,"column":9}},{"start":{"line":179,"column":8},"end":{"line":181,"column":9}}],"line":179},"6":{"loc":{"start":{"line":206,"column":15},"end":{"line":206,"column":48}},"type":"binary-expr","locations":[{"start":{"line":206,"column":15},"end":{"line":206,"column":33}},{"start":{"line":206,"column":37},"end":{"line":206,"column":48}}],"line":206}},"s":{"0":1,"1":1,"2":1,"3":1,"4":1,"5":1,"6":4,"7":3,"8":3,"9":1,"10":2,"11":2,"12":1,"13":1,"14":1,"15":1,"16":1,"17":1,"18":1,"19":1,"20":1,"21":1,"22":1,"23":1,"24":3,"25":3,"26":3,"27":3,"28":3,"29":2,"30":1,"31":1,"32":3,"33":3,"34":3,"35":3,"36":3,"37":3,"38":2,"39":1,"40":1,"41":3,"42":3,"43":3,"44":3,"45":3,"46":3,"47":2,"48":1,"49":1,"50":1,"51":1,"52":1,"53":6,"54":6,"55":1,"56":1,"57":1,"58":1,"59":1,"60":1,"61":1,"62":1},"f":{"0":4,"1":3,"2":1,"3":1,"4":3,"5":3,"6":3,"7":1,"8":6},"b":{"0":[1,2],"1":[0],"2":[1,0],"3":[1,1],"4":[1,1],"5":[1,1],"6":[1,1]},"_coverageSchema":"1a1c01bbd47fc00a2c39e90264f33305004495a9","hash":"fb81ebcade5830434bb167d1499d613e47f4b617"}
}
