TN:
SF:src\DAL\notificationMessageManager.js
FN:17,(anonymous_0)
FN:23,(anonymous_1)
FN:38,(anonymous_2)
FN:60,(anonymous_3)
FN:86,(anonymous_4)
FN:133,(anonymous_5)
FN:190,(anonymous_6)
FNF:7
FNH:7
FNDA:3,(anonymous_0)
FNDA:3,(anonymous_1)
FNDA:1,(anonymous_2)
FNDA:1,(anonymous_3)
FNDA:3,(anonymous_4)
FNDA:3,(anonymous_5)
FNDA:3,(anonymous_6)
DA:1,1
DA:2,1
DA:4,1
DA:6,1
DA:17,1
DA:19,3
DA:24,3
DA:25,3
DA:26,1
DA:28,2
DA:29,2
DA:40,1
DA:41,1
DA:42,1
DA:44,1
DA:61,1
DA:66,1
DA:87,3
DA:91,3
DA:93,3
DA:94,3
DA:110,2
DA:111,1
DA:118,1
DA:134,3
DA:145,3
DA:147,3
DA:148,3
DA:174,2
DA:175,1
DA:181,1
DA:191,3
DA:197,3
DA:198,3
DA:208,2
DA:209,1
DA:215,1
DA:220,1
DA:221,1
DA:222,1
LF:40
LH:40
BRDA:25,0,0,1
BRDA:25,0,1,2
BRDA:38,1,0,0
BRDA:40,2,0,1
BRDA:40,2,1,0
BRDA:110,3,0,1
BRDA:110,3,1,1
BRDA:174,4,0,1
BRDA:174,4,1,1
BRDA:208,5,0,1
BRDA:208,5,1,1
BRF:11
BRH:9
end_of_record
TN:
SF:src\DAL\notificationTriggerConfigManager.js
FN:34,(anonymous_0)
FN:37,(anonymous_1)
FN:48,(anonymous_2)
FN:66,(anonymous_3)
FN:85,(anonymous_4)
FN:119,(anonymous_5)
FN:155,(anonymous_6)
FN:186,(anonymous_7)
FN:193,(anonymous_8)
FNF:9
FNH:9
FNDA:4,(anonymous_0)
FNDA:3,(anonymous_1)
FNDA:1,(anonymous_2)
FNDA:1,(anonymous_3)
FNDA:3,(anonymous_4)
FNDA:3,(anonymous_5)
FNDA:3,(anonymous_6)
FNDA:1,(anonymous_7)
FNDA:6,(anonymous_8)
DA:1,1
DA:3,1
DA:9,1
DA:16,1
DA:25,1
DA:34,1
DA:36,4
DA:38,3
DA:39,3
DA:40,1
DA:42,2
DA:43,2
DA:49,1
DA:54,1
DA:55,1
DA:56,1
DA:58,1
DA:63,1
DA:67,1
DA:72,1
DA:79,1
DA:80,1
DA:81,1
DA:82,1
DA:86,3
DA:91,3
DA:108,3
DA:109,3
DA:110,3
DA:112,2
DA:113,1
DA:115,1
DA:120,3
DA:124,3
DA:125,3
DA:144,3
DA:145,3
DA:146,3
DA:148,2
DA:149,1
DA:151,1
DA:156,3
DA:160,3
DA:161,3
DA:175,3
DA:176,3
DA:177,3
DA:179,2
DA:180,1
DA:182,1
DA:187,1
DA:188,1
DA:193,1
DA:194,6
DA:195,6
DA:200,1
DA:204,1
DA:206,1
DA:207,1
DA:211,1
DA:212,1
DA:214,1
DA:215,1
LF:63
LH:63
BRDA:39,0,0,1
BRDA:39,0,1,2
BRDA:48,1,0,0
BRDA:54,2,0,1
BRDA:54,2,1,0
BRDA:112,3,0,1
BRDA:112,3,1,1
BRDA:148,4,0,1
BRDA:148,4,1,1
BRDA:179,5,0,1
BRDA:179,5,1,1
BRDA:206,6,0,1
BRDA:206,6,1,1
BRF:13
BRH:11
end_of_record
